{
  "0 debug pnpm:scope": {
    "selected": 1
  },
  "1 error pnpm": {
    "code": "ELIFECYCLE",
    "errno": "ENOENT",
    "syscall": "spawn",
    "file": "sh",
    "pkgid": "~TODO~@0.0.1",
    "stage": "dev",
    "script": "svelte-kit dev",
    "pkgname": "~TODO~",
    "err": {
      "name": "Error",
      "message": "~TODO~@0.0.1 dev: `svelte-kit dev`\nspawn ENOENT",
      "code": "ELIFECYCLE",
      "stack": "Error: ~TODO~@0.0.1 dev: `svelte-kit dev`\nspawn ENOENT\n    at ChildProcess.<anonymous> (/home/dy/.nvm/versions/node/v16.2.0/pnpm-global/5/node_modules/.pnpm/pnpm@6.12.0/node_modules/pnpm/dist/pnpm.cjs:93167:22)\n    at ChildProcess.emit (node:events:365:28)\n    at maybeClose (node:internal/child_process:1067:16)\n    at Process.ChildProcess._handle.onexit (node:internal/child_process:301:5)"
    }
  },
  "2 warn pnpm:global": " Local package.json exists, but node_modules missing, did you mean to install?"
}